<?xml version="1.0" encoding="UTF-8"?>
<!-- Generated by org.testng.reporters.JUnitReportReporter -->
<testsuite hostname="DESKTOP-A58QHTK" failures="0" tests="1" name="MavenProj.PageValidation.SampleTestng" time="0.018" errors="0" timestamp="2022-02-13T12:39:58 IST" skipped="0">
  <testcase classname="MavenProj.PageValidation.SampleTestng" name="test1" time="0.018"/>
  <system-out/>
</testsuite> <!-- MavenProj.PageValidation.SampleTestng -->
