<?xml version="1.0" encoding="UTF-8"?>
<!-- Generated by org.testng.reporters.JUnitReportReporter -->
<testsuite hostname="DESKTOP-A58QHTK" failures="0" tests="4" name="MavenProj.PageValidation.BrowserLaunchTest" time="44.217" errors="0" timestamp="2022-02-16T22:01:55 IST" skipped="0">
  <testcase classname="MavenProj.PageValidation.BrowserLaunchTest" name="browserLaunch" time="29.677"/>
  <system-out/>
  <testcase classname="MavenProj.PageValidation.BrowserLaunchTest" name="urlLaunch" time="9.653"/>
  <system-out/>
  <testcase classname="MavenProj.PageValidation.BrowserLaunchTest" name="registrationForm" time="4.697"/>
  <system-out/>
  <testcase classname="MavenProj.PageValidation.BrowserLaunchTest" name="browserClose" time="0.190"/>
  <system-out/>
</testsuite> <!-- MavenProj.PageValidation.BrowserLaunchTest -->
